Reading pref.tcl

# 2023.2_2

# vsim -postsimdataflow -debugdb -c -voptargs=""+acc"" tb -do "modelsim_framework.do" -gOUTPUT_TRACE=ms.trace 
# Start time: 00:25:06 on Oct 24,2023
# ** Note: (vsim-8009) Loading existing optimized design _opt
# //  Questa Sim-64
# //  Version 2023.2_2 linux_x86_64 Jun  9 2023
# //
# //  Copyright 1991-2023 Mentor Graphics Corporation
# //  All Rights Reserved.
# //
# //  QuestaSim and its associated documentation contain trade
# //  secrets and commercial or financial information that are the property of
# //  Mentor Graphics Corporation and are privileged, confidential,
# //  and exempt from disclosure under the Freedom of Information Act,
# //  5 U.S.C. Section 552. Furthermore, this information
# //  is prohibited from disclosure under the Trade Secrets Act,
# //  18 U.S.C. Section 1905.
# //
# Loading std.standard
# Loading std.textio(body)
# Loading ieee.std_logic_1164(body)
# Loading ieee.std_logic_textio(body)
# Loading std.env(body)
# Loading work.tb(mixed)#1
# Loading work.mips_types(body)
# Loading work.mips_processor(structure)#1
# Loading work.pc(structural)#1
# Loading work.fulladder_n(structural)#1
# Loading work.fulladder(structure)#1
# Loading work.xorg2(dataflow)#1
# Loading work.andg2(dataflow)#1
# Loading work.org2(dataflow)#1
# Loading ieee.numeric_std(body)
# Loading work.mem(rtl)#1
# Loading work.control(behavioral)#1
# Loading work.extension(behavior)#1
# Loading work.barrel_shifter(mixed)#1
# Loading work.mux2t1_n(structural)#1
# Loading work.mux2to1(structure)#1
# Loading work.invg(dataflow)#1
# Loading work.alucontrol(structural)#1
# Loading work.mux2t1_n(structural)#2
# Loading work.register_file(structural)#1
# Loading work.decoder(structural)#1
# Loading work.register_n(structural)#1
# Loading work.dffg(mixed)#1
# Loading work.mux32t1(structural)#1
# Loading work.alu(structural)#1
# Loading work.add_sub_mips1(structural)#1
# Loading work.mux2t1_n(structural)#3
# Loading work.onescomp(structural)#1
# Loading work.fulladder_n(structural)#2
# Loading work.add_sub_mips1(structural)#2
# Loading work.add_sub_mips1(structural)#3
# Loading work.add_sub_mips1(structural)#4
# Loading work.add_sub_mips1(structural)#5
# Loading work.barrel_shifter(mixed)#2
# Loading work.and_32bit(dataflow)#1
# Loading work.nor_32bit(dataflow)#1
# Loading work.xor_32bit(dataflow)#1
# Loading work.or_32bit(dataflow)#1
# Loading work.slt(dataflow)#1
# Loading work.jumpaddress(structural)#1
# ** Note: (vsim-8716) Reusing existing debug database vsim.dbg.
# do modelsim_framework.do
# ** Warning: NUMERIC_STD.TO_INTEGER: metavalue detected, returning 0
#    Time: 0 ns  Iteration: 0  Instance: /tb/MyMips/DMem
# ** Warning: NUMERIC_STD.TO_INTEGER: metavalue detected, returning 0
#    Time: 0 ns  Iteration: 0  Instance: /tb/MyMips/IMem
# ** Note: Data structure takes 83130472 bytes of memory
#          Process time 0.13 seconds
#          stop
#    Time: 100 ns  Iteration: 1  Instance: /tb
# Break in Process P_DUMP_STATE at /home/sabrinaf/CPRE381_Project1/Project1/cpre381-toolflow/internal/testpy/tb.vhd line 150
# Stopped at /home/sabrinaf/CPRE381_Project1/Project1/cpre381-toolflow/internal/testpy/tb.vhd line 150
# End time: 00:25:07 on Oct 24,2023, Elapsed time: 0:00:01
# Errors: 0, Warnings: 2
